<html>
<head>
<title>TestNG:  Default test</title>
<link href="../testng.css" rel="stylesheet" type="text/css" />
<link href="../my-testng.css" rel="stylesheet" type="text/css" />

<style type="text/css">
.log { display: none;} 
.stack-trace { display: none;} 
</style>
<script type="text/javascript">
<!--
function flip(e) {
  current = e.style.display;
  if (current == 'block') {
    e.style.display = 'none';
    return 0;
  }
  else {
    e.style.display = 'block';
    return 1;
  }
}

function toggleBox(szDivId, elem, msg1, msg2)
{
  var res = -1;  if (document.getElementById) {
    res = flip(document.getElementById(szDivId));
  }
  else if (document.all) {
    // this is the way old msie versions work
    res = flip(document.all[szDivId]);
  }
  if(elem) {
    if(res == 0) elem.innerHTML = msg1; else elem.innerHTML = msg2;
  }

}

function toggleAllBoxes() {
  if (document.getElementsByTagName) {
    d = document.getElementsByTagName('div');
    for (i = 0; i < d.length; i++) {
      if (d[i].className == 'log') {
        flip(d[i]);
      }
    }
  }
}

// -->
</script>

</head>
<body>
<h2 align='center'>Default test</h2><table border='1' align="center">
<tr>
<td>Tests passed/Failed/Skipped:</td><td>4/1/0</td>
</tr><tr>
<td>Started on:</td><td>Wed Apr 17 17:44:06 IST 2024</td>
</tr>
<tr><td>Total time:</td><td>109 seconds (109387 ms)</td>
</tr><tr>
<td>Included groups:</td><td></td>
</tr><tr>
<td>Excluded groups:</td><td></td>
</tr>
</table><p/>
<small><i>(Hover the method name to see the test class name)</i></small><p/>
<table width='100%' border='1' class='invocation-failed'>
<tr><td colspan='4' align='center'><b>FAILED TESTS</b></td></tr>
<tr><td><b>Test method</b></td>
<td><b>Attribute(s)</b></td>
<td width="30%"><b>Exception</b></td>
<td width="10%"><b>Time (seconds)</b></td>
<td><b>Instance</b></td>
</tr>
<tr>
<td title='RunnerClass.RunnerClass.runScenario()'><b>runScenario</b><br>Test class: RunnerClass.RunnerClass<br>Test method: Runs Cucumber Scenarios<br>Parameters: "To validate that user is able to view and select quantity of product", "To check the functionality of home page to explore things"</td>
<td><div><pre>java.lang.AssertionError: expected [2] but found [1]
	at org.testng.Assert.fail(Assert.java:111)
	at org.testng.Assert.failNotEquals(Assert.java:1578)
	at org.testng.Assert.assertEqualsImpl(Assert.java:150)
	at org.testng.Assert.assertEquals(Assert.java:132)
	at org.testng.Assert.assertEquals(Assert.java:656)
	at org.testng.Assert.assertEquals(Assert.java:666)
	at HomePageStepDefinition.StepDefinitionHomePage.user_is_able_to_view_quantity_more_than_and_able_to_select_it(StepDefinitionHomePage.java:260)
	at ✽.User is able to view quantity more than 1 and able to select it.(file:///C:/Users/DGHILDIY/Desktop/Shop/src/test/resources/Features/HomePage.feature:64)
</pre></div><a href='#' onClick='toggleBox("stack-trace250177638", this, "Click to show all stack frames", "Click to hide stack frames")'>Click to show all stack frames</a>
<div class='stack-trace' id='stack-trace250177638'><pre>java.lang.AssertionError: expected [2] but found [1]
	at org.testng.Assert.fail(Assert.java:111)
	at org.testng.Assert.failNotEquals(Assert.java:1578)
	at org.testng.Assert.assertEqualsImpl(Assert.java:150)
	at org.testng.Assert.assertEquals(Assert.java:132)
	at org.testng.Assert.assertEquals(Assert.java:656)
	at org.testng.Assert.assertEquals(Assert.java:666)
	at HomePageStepDefinition.StepDefinitionHomePage.user_is_able_to_view_quantity_more_than_and_able_to_select_it(StepDefinitionHomePage.java:260)
	at ✽.User is able to view quantity more than 1 and able to select it.(file:///C:/Users/DGHILDIY/Desktop/Shop/src/test/resources/Features/HomePage.feature:64)
</pre></div></td>
<td>11</td>
<td>RunnerClass.RunnerClass@6cb107fd</td></tr>
</table><p>
<table width='100%' border='1' class='invocation-passed'>
<tr><td colspan='4' align='center'><b>PASSED TESTS</b></td></tr>
<tr><td><b>Test method</b></td>
<td><b>Attribute(s)</b></td>
<td width="30%"><b>Exception</b></td>
<td width="10%"><b>Time (seconds)</b></td>
<td><b>Instance</b></td>
</tr>
<tr>
<td title='RunnerClass.RunnerClass.runScenario()'><b>runScenario</b><br>Test class: RunnerClass.RunnerClass<br>Test method: Runs Cucumber Scenarios<br>Parameters: "To validate that user is able to enter details for booking an appointment", "To check the functionality of home page to explore things"</td>
<td></td>
<td>29</td>
<td>RunnerClass.RunnerClass@6cb107fd</td></tr>
<tr>
<td title='RunnerClass.RunnerClass.runScenario()'><b>runScenario</b><br>Test class: RunnerClass.RunnerClass<br>Test method: Runs Cucumber Scenarios<br>Parameters: "To validate that user is able to select filters of blog option and get the updated list of products", "To check the functionality of home page to explore things"</td>
<td></td>
<td>11</td>
<td>RunnerClass.RunnerClass@6cb107fd</td></tr>
<tr>
<td title='RunnerClass.RunnerClass.runScenario()'><b>runScenario</b><br>Test class: RunnerClass.RunnerClass<br>Test method: Runs Cucumber Scenarios<br>Parameters: "To validate that user is able to click on find store nearby to the customer's location and selects the product type from below dropdown list of SELECT PRODUCTS & SERVICES", "To check the functionality of home page to explore things"</td>
<td></td>
<td>13</td>
<td>RunnerClass.RunnerClass@6cb107fd</td></tr>
<tr>
<td title='RunnerClass.RunnerClass.runScenario()'><b>runScenario</b><br>Test class: RunnerClass.RunnerClass<br>Test method: Runs Cucumber Scenarios<br>Parameters: "To validate that user is able to add review and give rating on the product", "To check the functionality of home page to explore things"</td>
<td></td>
<td>41</td>
<td>RunnerClass.RunnerClass@6cb107fd</td></tr>
</table><p>
</body>
</html>